converged SCF energy = -445.679457939779

WARN: CASSCF+ddCOSMO may not be able to converge to conv_tol=1e-08

CASSCF energy = -445.583057107779
CASCI E = -445.583057107779  E(CI) = -6.86410774017543  S^2 = 1.3333333
CASCI state-averaged energy = -445.752392585708
CASCI energy for each state
  State 0 weight 0.166667  E = -445.908166594799 S^2 = 0.0000000
  State 1 weight 0.166667  E = -445.771233953179 S^2 = 2.0000000
  State 2 weight 0.166667  E = -445.759729206044 S^2 = 0.0000000
  State 3 weight 0.166667  E = -445.746138068907 S^2 = 2.0000000
  State 4 weight 0.166667  E = -445.706133697687 S^2 = 2.0000000
  State 5 weight 0.166667  E = -445.622953993632 S^2 = 2.0000000

Computing NEVPT energies...

Method:                                            nevpt2
Method type:                                       qd
Nuclear repulsion energy:                        442.300285447432
Number of electrons:                               66
Number of basis functions:                         51
Reference wavefunction type:                       sa-casscf
Number of reference states:                        6
Number of reference microstates:                   6
Number of frozen orbitals:                         0
Number of core orbitals:                           30
Number of active orbitals:                         6
Number of external orbitals:                       15
Spin–orbit coupling:                               None
G-tensor:                                          False
Reference density fitting?                         False
Correlation density fitting?                       False
Temporary directory path:                          /fs/scratch/PAS1963/jserna

Internal contraction:                              Full (= Partial)
Compute singles amplitudes?                        False
Overlap truncation parameter (singles):            1.000000e-08
Overlap truncation parameter (doubles):            1.000000e-08

Transforming integrals to MO basis...

Transforming 1e integrals to MO basis...
> CPU time for transforming 1e integrals      0.02 sec, wall time      0.00 sec

Transforming 2e integrals to MO basis (in-core)...
> CPU time for transforming 1e integrals     14.67 sec, wall time      4.30 sec

Computing T[0]^(1) amplitudes...
Norm of T[0]^(1):                                  0.254386186357
Correlation energy [0]:                           -0.215518213095
> CPU time for computing T[0]^(1) amplitudes      0.27 sec, wall time      0.09 sec

Computing energy of state #1...
Reference state active-space energy:              -7.189217227195
Reference state spin multiplicity:                 1
Number of active electrons:                        [(3, 3)]
Computing reference wavefunction RDMs...
> CPU time for transforming RDMs      2.07 sec, wall time      0.61 sec

Computing T[0']^(1) amplitudes...
Dimension of the [0'] orthonormalized subspace:    71
Smallest eigenvalue of the [0'] overlap metric:    7.860992e-07
Norm of T[0']^(1):                                 0.514142012608
Correlation energy [0']:                          -0.067515203212
> CPU time for computing T[0']^(1) amplitudes      0.51 sec, wall time      0.20 sec

Computing T[+1']^(1) amplitudes...
Dimension of the [+1'] orthonormalized subspace:   222
Smallest eigenvalue of the [+1'] overlap metric:   1.015075e-08
Norm of T[+1']^(1):                               51.738431985941
Correlation energy [+1']:                         -0.025923633370
> CPU time for computing T[+1']^(1) amplitudes     12.48 sec, wall time      3.70 sec

Computing T[-1']^(1) amplitudes...
Dimension of the [-1'] orthonormalized subspace:   219
Smallest eigenvalue of the [-1'] overlap metric:   1.015074e-08
Norm of T[-1']^(1):                                3.046699509111
Correlation energy [-1']:                         -0.006648587464
> CPU time for computing T[-1']^(1) amplitudes      5.89 sec, wall time      1.61 sec

Computing T[+1]^(1) amplitudes...
Norm of T[+1]^(1):                                 0.135056990044
Correlation energy [+1]:                          -0.080617757451
> CPU time for computing T[+1]^(1) amplitudes      0.32 sec, wall time      0.10 sec

Computing T[-1]^(1) amplitudes...
Norm of T[-1]^(1):                                 0.050345826389
Correlation energy [-1]:                          -0.010491991511
> CPU time for computing T[-1]^(1) amplitudes      0.39 sec, wall time      0.10 sec

Computing T[+2]^(1) amplitudes...
Dimension of the [+2] orthonormalized subspace:    36
Smallest eigenvalue of the [+2] overlap metric:    6.369669e-08
Norm of T[+2]^(1):                                 3.653976723805
Correlation energy [+2]:                          -0.014927779860
> CPU time for computing T[+2]^(1) amplitudes      1.10 sec, wall time      0.30 sec

Computing T[-2]^(1) amplitudes...
Dimension of the [-2] orthonormalized subspace:    36
Smallest eigenvalue of the [-2] overlap metric:    7.605974e-08
Norm of T[-2]^(1):                                 1.203424404921
Correlation energy [-2]:                          -0.001264333189
> CPU time for computing T[-2]^(1) amplitudes      0.71 sec, wall time      0.26 sec
Correlation energy [0]:                           -0.215518213095
SA-CASSCF reference state total energy:         -445.908166594799
NEVPT2 correlation energy:                        -0.422907499151
Total NEVPT2 energy:                            -446.331074093950

Computing energy of state #2...
Reference state active-space energy:              -7.052284585575
Reference state spin multiplicity:                 3
Number of active electrons:                        [(3, 3)]
Computing reference wavefunction RDMs...
> CPU time for transforming RDMs      1.35 sec, wall time      0.32 sec

Computing T[0']^(1) amplitudes...
Dimension of the [0'] orthonormalized subspace:    72
Smallest eigenvalue of the [0'] overlap metric:    3.629046e-06
Norm of T[0']^(1):                                 0.363088987311
Correlation energy [0']:                          -0.066275454466
> CPU time for computing T[0']^(1) amplitudes      0.92 sec, wall time      0.29 sec

Computing T[+1']^(1) amplitudes...
Dimension of the [+1'] orthonormalized subspace:   290
Smallest eigenvalue of the [+1'] overlap metric:   1.036114e-08
Norm of T[+1']^(1):                               50.191278483781
Correlation energy [+1']:                         -0.028837130524
> CPU time for computing T[+1']^(1) amplitudes      9.02 sec, wall time      2.50 sec

Computing T[-1']^(1) amplitudes...
Dimension of the [-1'] orthonormalized subspace:   292
Smallest eigenvalue of the [-1'] overlap metric:   1.041598e-08
Norm of T[-1']^(1):                                2.305221279461
Correlation energy [-1']:                         -0.002523775108
> CPU time for computing T[-1']^(1) amplitudes      3.76 sec, wall time      0.52 sec

Computing T[+1]^(1) amplitudes...
Norm of T[+1]^(1):                                 0.136142957246
Correlation energy [+1]:                          -0.078343461149
> CPU time for computing T[+1]^(1) amplitudes      0.06 sec, wall time      0.01 sec

Computing T[-1]^(1) amplitudes...
Norm of T[-1]^(1):                                 0.050698467006
Correlation energy [-1]:                          -0.006575309864
> CPU time for computing T[-1]^(1) amplitudes      0.11 sec, wall time      0.01 sec

Computing T[+2]^(1) amplitudes...
Dimension of the [+2] orthonormalized subspace:    36
Smallest eigenvalue of the [+2] overlap metric:    2.298208e-07
Norm of T[+2]^(1):                                 0.736427855937
Correlation energy [+2]:                          -0.011883540511
> CPU time for computing T[+2]^(1) amplitudes      0.28 sec, wall time      0.06 sec

Computing T[-2]^(1) amplitudes...
Dimension of the [-2] orthonormalized subspace:    36
Smallest eigenvalue of the [-2] overlap metric:    2.233089e-06
Norm of T[-2]^(1):                                 0.130768282704
Correlation energy [-2]:                          -0.000632881392
> CPU time for computing T[-2]^(1) amplitudes      0.25 sec, wall time      0.02 sec
Correlation energy [0]:                           -0.215518213095
SA-CASSCF reference state total energy:         -445.771233953179
NEVPT2 correlation energy:                        -0.410589766108
Total NEVPT2 energy:                            -446.181823719287

Computing energy of state #3...
Reference state active-space energy:              -7.040779838440
Reference state spin multiplicity:                 1
Number of active electrons:                        [(3, 3)]
Computing reference wavefunction RDMs...
> CPU time for transforming RDMs      1.32 sec, wall time      0.19 sec

Computing T[0']^(1) amplitudes...
Dimension of the [0'] orthonormalized subspace:    71
Smallest eigenvalue of the [0'] overlap metric:    1.919903e-06
Norm of T[0']^(1):                                 0.325016564253
Correlation energy [0']:                          -0.065897158700
> CPU time for computing T[0']^(1) amplitudes      0.18 sec, wall time      0.02 sec

Computing T[+1']^(1) amplitudes...
Dimension of the [+1'] orthonormalized subspace:   259
Smallest eigenvalue of the [+1'] overlap metric:   1.041606e-08
Norm of T[+1']^(1):                               68.569296121394
Correlation energy [+1']:                         -0.030241481351
> CPU time for computing T[+1']^(1) amplitudes      4.90 sec, wall time      0.70 sec

Computing T[-1']^(1) amplitudes...
Dimension of the [-1'] orthonormalized subspace:   259
Smallest eigenvalue of the [-1'] overlap metric:   1.122489e-08
Norm of T[-1']^(1):                                1.930829793897
Correlation energy [-1']:                         -0.001998139632
> CPU time for computing T[-1']^(1) amplitudes      3.51 sec, wall time      0.50 sec

Computing T[+1]^(1) amplitudes...
Norm of T[+1]^(1):                                 0.135121055957
Correlation energy [+1]:                          -0.079179295486
> CPU time for computing T[+1]^(1) amplitudes      0.16 sec, wall time      0.05 sec

Computing T[-1]^(1) amplitudes...
Norm of T[-1]^(1):                                 0.050531816820
Correlation energy [-1]:                          -0.006573287984
> CPU time for computing T[-1]^(1) amplitudes      0.20 sec, wall time      0.02 sec

Computing T[+2]^(1) amplitudes...
Dimension of the [+2] orthonormalized subspace:    36
Smallest eigenvalue of the [+2] overlap metric:    1.527698e-07
Norm of T[+2]^(1):                                 1.054848963713
Correlation energy [+2]:                          -0.012054732459
> CPU time for computing T[+2]^(1) amplitudes      0.19 sec, wall time      0.02 sec

Computing T[-2]^(1) amplitudes...
Dimension of the [-2] orthonormalized subspace:    36
Smallest eigenvalue of the [-2] overlap metric:    1.664050e-06
Norm of T[-2]^(1):                                 0.127071772040
Correlation energy [-2]:                          -0.000606064080
> CPU time for computing T[-2]^(1) amplitudes      0.11 sec, wall time      0.01 sec
Correlation energy [0]:                           -0.215518213095
SA-CASSCF reference state total energy:         -445.759729206044
NEVPT2 correlation energy:                        -0.412068372787
Total NEVPT2 energy:                            -446.171797578832

Computing energy of state #4...
Reference state active-space energy:              -7.027188701303
Reference state spin multiplicity:                 3
Number of active electrons:                        [(3, 3)]
Computing reference wavefunction RDMs...
> CPU time for transforming RDMs      0.98 sec, wall time      0.16 sec

Computing T[0']^(1) amplitudes...
Dimension of the [0'] orthonormalized subspace:    72
Smallest eigenvalue of the [0'] overlap metric:    1.314681e-06
Norm of T[0']^(1):                                 0.312564549151
Correlation energy [0']:                          -0.058386320798
> CPU time for computing T[0']^(1) amplitudes      0.21 sec, wall time      0.02 sec

Computing T[+1']^(1) amplitudes...
Dimension of the [+1'] orthonormalized subspace:   277
Smallest eigenvalue of the [+1'] overlap metric:   1.068641e-08
Norm of T[+1']^(1):                              108.610743874871
Correlation energy [+1']:                         -0.031531983763
> CPU time for computing T[+1']^(1) amplitudes      5.24 sec, wall time      0.78 sec

Computing T[-1']^(1) amplitudes...
Dimension of the [-1'] orthonormalized subspace:   272
Smallest eigenvalue of the [-1'] overlap metric:   1.067089e-08
Norm of T[-1']^(1):                                2.976395226243
Correlation energy [-1']:                         -0.001304918209
> CPU time for computing T[-1']^(1) amplitudes      4.02 sec, wall time      0.59 sec

Computing T[+1]^(1) amplitudes...
Norm of T[+1]^(1):                                 0.147137396282
Correlation energy [+1]:                          -0.082355877776
> CPU time for computing T[+1]^(1) amplitudes      0.18 sec, wall time      0.02 sec

Computing T[-1]^(1) amplitudes...
Norm of T[-1]^(1):                                 0.052564231325
Correlation energy [-1]:                          -0.010330905676
> CPU time for computing T[-1]^(1) amplitudes      0.20 sec, wall time      0.02 sec

Computing T[+2]^(1) amplitudes...
Dimension of the [+2] orthonormalized subspace:    36
Smallest eigenvalue of the [+2] overlap metric:    3.588720e-08
Norm of T[+2]^(1):                                 1.801053103408
Correlation energy [+2]:                          -0.013070573291
> CPU time for computing T[+2]^(1) amplitudes      0.20 sec, wall time      0.02 sec

Computing T[-2]^(1) amplitudes...
Dimension of the [-2] orthonormalized subspace:    36
Smallest eigenvalue of the [-2] overlap metric:    9.719803e-08
Norm of T[-2]^(1):                                 1.167378328888
Correlation energy [-2]:                          -0.001093068615
> CPU time for computing T[-2]^(1) amplitudes      0.14 sec, wall time      0.05 sec
Correlation energy [0]:                           -0.215518213095
SA-CASSCF reference state total energy:         -445.746138068907
NEVPT2 correlation energy:                        -0.413591861223
Total NEVPT2 energy:                            -446.159729930130

Computing energy of state #5...
Reference state active-space energy:              -6.987184330084
Reference state spin multiplicity:                 3
Number of active electrons:                        [(3, 3)]
Computing reference wavefunction RDMs...
> CPU time for transforming RDMs      1.21 sec, wall time      0.15 sec

Computing T[0']^(1) amplitudes...
Dimension of the [0'] orthonormalized subspace:    72
Smallest eigenvalue of the [0'] overlap metric:    2.291078e-06
Norm of T[0']^(1):                                 0.424838477709
Correlation energy [0']:                          -0.054775076773
> CPU time for computing T[0']^(1) amplitudes      0.23 sec, wall time      0.06 sec

Computing T[+1']^(1) amplitudes...
Dimension of the [+1'] orthonormalized subspace:   278
Smallest eigenvalue of the [+1'] overlap metric:   1.061169e-08
Norm of T[+1']^(1):                               77.967212469193
Correlation energy [+1']:                         -0.028244633269
> CPU time for computing T[+1']^(1) amplitudes      6.22 sec, wall time      0.89 sec

Computing T[-1']^(1) amplitudes...
Dimension of the [-1'] orthonormalized subspace:   275
Smallest eigenvalue of the [-1'] overlap metric:   1.250180e-08
Norm of T[-1']^(1):                                2.493211879445
Correlation energy [-1']:                         -0.006712279645
> CPU time for computing T[-1']^(1) amplitudes      4.07 sec, wall time      0.55 sec

Computing T[+1]^(1) amplitudes...
Norm of T[+1]^(1):                                 0.140965124036
Correlation energy [+1]:                          -0.085299259535
> CPU time for computing T[+1]^(1) amplitudes      0.23 sec, wall time      0.06 sec

Computing T[-1]^(1) amplitudes...
Norm of T[-1]^(1):                                 0.052004258698
Correlation energy [-1]:                          -0.010767865504
> CPU time for computing T[-1]^(1) amplitudes      0.23 sec, wall time      0.02 sec

Computing T[+2]^(1) amplitudes...
Dimension of the [+2] orthonormalized subspace:    36
Smallest eigenvalue of the [+2] overlap metric:    2.612603e-07
Norm of T[+2]^(1):                                 1.739705458578
Correlation energy [+2]:                          -0.013579394046
> CPU time for computing T[+2]^(1) amplitudes      0.15 sec, wall time      0.01 sec

Computing T[-2]^(1) amplitudes...
Dimension of the [-2] orthonormalized subspace:    36
Smallest eigenvalue of the [-2] overlap metric:    4.675197e-08
Norm of T[-2]^(1):                                 0.570240852155
Correlation energy [-2]:                          -0.001109952731
> CPU time for computing T[-2]^(1) amplitudes      0.10 sec, wall time      0.01 sec
Correlation energy [0]:                           -0.215518213095
SA-CASSCF reference state total energy:         -445.706133697687
NEVPT2 correlation energy:                        -0.416006674598
Total NEVPT2 energy:                            -446.122140372285

Computing energy of state #6...
Reference state active-space energy:              -6.904004626029
Reference state spin multiplicity:                 3
Number of active electrons:                        [(3, 3)]
Computing reference wavefunction RDMs...
> CPU time for transforming RDMs      1.21 sec, wall time      0.18 sec

Computing T[0']^(1) amplitudes...
Dimension of the [0'] orthonormalized subspace:    72
Smallest eigenvalue of the [0'] overlap metric:    2.169449e-05
Norm of T[0']^(1):                                 0.356510657809
Correlation energy [0']:                          -0.071259926546
> CPU time for computing T[0']^(1) amplitudes      0.19 sec, wall time      0.02 sec

Computing T[+1']^(1) amplitudes...
Dimension of the [+1'] orthonormalized subspace:   290
Smallest eigenvalue of the [+1'] overlap metric:   1.304205e-08
Norm of T[+1']^(1):                              103.570726310940
Correlation energy [+1']:                         -0.059756331639
> CPU time for computing T[+1']^(1) amplitudes      6.23 sec, wall time      0.90 sec

Computing T[-1']^(1) amplitudes...
Dimension of the [-1'] orthonormalized subspace:   292
Smallest eigenvalue of the [-1'] overlap metric:   1.169799e-08
Norm of T[-1']^(1):                                3.018641930235
Correlation energy [-1']:                         -0.007085897306
> CPU time for computing T[-1']^(1) amplitudes      4.24 sec, wall time      0.60 sec

Computing T[+1]^(1) amplitudes...
Norm of T[+1]^(1):                                 0.149911563748
Correlation energy [+1]:                          -0.088756786492
> CPU time for computing T[+1]^(1) amplitudes      0.22 sec, wall time      0.06 sec

Computing T[-1]^(1) amplitudes...
Norm of T[-1]^(1):                                 0.054592269437
Correlation energy [-1]:                          -0.010951851833
> CPU time for computing T[-1]^(1) amplitudes      0.23 sec, wall time      0.02 sec

Computing T[+2]^(1) amplitudes...
Dimension of the [+2] orthonormalized subspace:    36
Smallest eigenvalue of the [+2] overlap metric:    4.484345e-07
Norm of T[+2]^(1):                                 1.984382291029
Correlation energy [+2]:                          -0.018867921519
> CPU time for computing T[+2]^(1) amplitudes      0.15 sec, wall time      0.01 sec

Computing T[-2]^(1) amplitudes...
Dimension of the [-2] orthonormalized subspace:    36
Smallest eigenvalue of the [-2] overlap metric:    1.817437e-06
Norm of T[-2]^(1):                                 0.220995815449
Correlation energy [-2]:                          -0.001406464199
> CPU time for computing T[-2]^(1) amplitudes      0.10 sec, wall time      0.01 sec
Correlation energy [0]:                           -0.215518213095
SA-CASSCF reference state total energy:         -445.622953993632
NEVPT2 correlation energy:                        -0.473603392627
Total NEVPT2 energy:                            -446.096557386259

Computing the QD-NEVPT2 effective Hamiltonian...

Summary of results for the QD-NEVPT2 calculation with the SA-CASSCF reference:
------------------------------------------------------------------------------------------------------------------
  State    Degen.        E(total)            dE(a.u.)        dE(eV)      dE(nm)       dE(cm-1)      Osc Str.  
------------------------------------------------------------------------------------------------------------------
    1        1         -446.331074806967     0.00000000       0.0000                      0.0000               
    2        3         -446.181870901785     0.14920391       4.0600     305.3764     32746.4721     0.00000000
    3        1         -446.171796869983     0.15927794       4.3342     286.0619     34957.4665     0.00033337
    4        3         -446.164711972504     0.16636283       4.5270     273.8794     36512.4218     0.00000000
    5        3         -446.123997736452     0.20707707       5.6349     220.0309     45448.1637     0.00000000
    6        3         -446.089670793052     0.24140401       6.5689     188.7431     52982.0570     0.00000000
----------------------------------------------------------------------------------------------------------------


Oscillator Strengths: state i -> state f
------------------------------------------------------------------------------------------------------------------------------------
1 -> 2: 0.00000000    2 -> 3: 0.00000000    3 -> 4: 0.00000000    4 -> 5: 0.00617245    5 -> 6: 0.01831515                      
1 -> 3: 0.00033337    2 -> 4: 0.00001101    3 -> 5: 0.00000000    4 -> 6: 0.01546894                                            
1 -> 4: 0.00000000    2 -> 5: 0.00011231    3 -> 6: 0.00000001                                                                  
1 -> 5: 0.00000000    2 -> 6: 0.00106777                                                                                        
1 -> 6: 0.00000000                                                                                                              
------------------------------------------------------------------------------------------------------------------------------------
> CPU time for total NEVPT2 calculation    116.88 sec, wall time     24.03 sec
