converged SCF energy = -445.679457939782

WARN: CASSCF+ddCOSMO may not be able to converge to conv_tol=1e-08

CASSCF energy = -445.583057114220
CASCI E = -445.583057114220  E(CI) = -6.86410823673970  S^2 = 1.3333333
CASCI state-averaged energy = -445.752392516534
CASCI energy for each state
  State 0 weight 0.166667  E = -445.908166538573 S^2 = 0.0000000
  State 1 weight 0.166667  E = -445.771233874947 S^2 = 2.0000000
  State 2 weight 0.166667  E = -445.759729126517 S^2 = 0.0000000
  State 3 weight 0.166667  E = -445.746137969779 S^2 = 2.0000000
  State 4 weight 0.166667  E = -445.706133597902 S^2 = 2.0000000
  State 5 weight 0.166667  E = -445.622953991485 S^2 = 2.0000000

Computing NEVPT energies...

Method:                                            nevpt2
Method type:                                       qd
Nuclear repulsion energy:                        442.300285447432
Number of electrons:                               66
Number of basis functions:                         51
Reference wavefunction type:                       sa-casscf
Number of reference states:                        6
Number of reference microstates:                   6
Number of frozen orbitals:                         0
Number of core orbitals:                           30
Number of active orbitals:                         6
Number of external orbitals:                       15
Spin–orbit coupling:                               None
G-tensor:                                          False
Reference density fitting?                         False
Correlation density fitting?                       False
Temporary directory path:                          /fs/scratch/PAS1963/jserna

Internal contraction:                              Full (= Partial)
Compute singles amplitudes?                        False
Overlap truncation parameter (singles):            1.000000e-08
Overlap truncation parameter (doubles):            1.000000e-08

Transforming integrals to MO basis...

Transforming 1e integrals to MO basis...
> CPU time for transforming 1e integrals      0.07 sec, wall time      0.01 sec

Transforming 2e integrals to MO basis (in-core)...
> CPU time for transforming 1e integrals     16.92 sec, wall time      4.64 sec

Computing T[0]^(1) amplitudes...
Norm of T[0]^(1):                                  0.254386186700
Correlation energy [0]:                           -0.215518212921
> CPU time for computing T[0]^(1) amplitudes      0.18 sec, wall time      0.08 sec

Computing energy of state #1...
Reference state active-space energy:              -7.189217661092
Reference state spin multiplicity:                 1
Number of active electrons:                        [(3, 3)]
Computing reference wavefunction RDMs...
> CPU time for transforming RDMs      1.00 sec, wall time      0.28 sec

Computing T[0']^(1) amplitudes...
Dimension of the [0'] orthonormalized subspace:    71
Smallest eigenvalue of the [0'] overlap metric:    7.861003e-07
Norm of T[0']^(1):                                 0.514155183614
Correlation energy [0']:                          -0.067515199195
> CPU time for computing T[0']^(1) amplitudes      1.09 sec, wall time      0.30 sec

Computing T[+1']^(1) amplitudes...
Dimension of the [+1'] orthonormalized subspace:   222
Smallest eigenvalue of the [+1'] overlap metric:   1.014934e-08
Norm of T[+1']^(1):                               51.747795145176
Correlation energy [+1']:                         -0.025923755165
> CPU time for computing T[+1']^(1) amplitudes      9.87 sec, wall time      2.73 sec

Computing T[-1']^(1) amplitudes...
Dimension of the [-1'] orthonormalized subspace:   219
Smallest eigenvalue of the [-1'] overlap metric:   1.014933e-08
Norm of T[-1']^(1):                                3.038477601161
Correlation energy [-1']:                         -0.006648582717
> CPU time for computing T[-1']^(1) amplitudes      7.42 sec, wall time      2.15 sec

Computing T[+1]^(1) amplitudes...
Norm of T[+1]^(1):                                 0.135057043267
Correlation energy [+1]:                          -0.080617756941
> CPU time for computing T[+1]^(1) amplitudes      0.26 sec, wall time      0.04 sec

Computing T[-1]^(1) amplitudes...
Norm of T[-1]^(1):                                 0.050345824574
Correlation energy [-1]:                          -0.010491991920
> CPU time for computing T[-1]^(1) amplitudes      0.35 sec, wall time      0.10 sec

Computing T[+2]^(1) amplitudes...
Dimension of the [+2] orthonormalized subspace:    36
Smallest eigenvalue of the [+2] overlap metric:    6.370052e-08
Norm of T[+2]^(1):                                 3.662670290692
Correlation energy [+2]:                          -0.014927775317
> CPU time for computing T[+2]^(1) amplitudes      1.01 sec, wall time      0.30 sec

Computing T[-2]^(1) amplitudes...
Dimension of the [-2] orthonormalized subspace:    36
Smallest eigenvalue of the [-2] overlap metric:    7.605995e-08
Norm of T[-2]^(1):                                 1.203640267002
Correlation energy [-2]:                          -0.001264333546
> CPU time for computing T[-2]^(1) amplitudes      0.34 sec, wall time      0.10 sec
Correlation energy [0]:                           -0.215518212921
SA-CASSCF reference state total energy:         -445.908166538573
NEVPT2 correlation energy:                        -0.422907607722
Total NEVPT2 energy:                            -446.331074146295

Computing energy of state #2...
Reference state active-space energy:              -7.052284997466
Reference state spin multiplicity:                 3
Number of active electrons:                        [(3, 3)]
Computing reference wavefunction RDMs...
> CPU time for transforming RDMs      1.19 sec, wall time      0.38 sec

Computing T[0']^(1) amplitudes...
Dimension of the [0'] orthonormalized subspace:    72
Smallest eigenvalue of the [0'] overlap metric:    3.628935e-06
Norm of T[0']^(1):                                 0.363175184583
Correlation energy [0']:                          -0.066275437355
> CPU time for computing T[0']^(1) amplitudes      0.80 sec, wall time      0.22 sec

Computing T[+1']^(1) amplitudes...
Dimension of the [+1'] orthonormalized subspace:   290
Smallest eigenvalue of the [+1'] overlap metric:   1.035978e-08
Norm of T[+1']^(1):                               50.034142176401
Correlation energy [+1']:                         -0.028836038947
> CPU time for computing T[+1']^(1) amplitudes      8.39 sec, wall time      2.49 sec

Computing T[-1']^(1) amplitudes...
Dimension of the [-1'] orthonormalized subspace:   292
Smallest eigenvalue of the [-1'] overlap metric:   1.041576e-08
Norm of T[-1']^(1):                                2.299996779428
Correlation energy [-1']:                         -0.002523772561
> CPU time for computing T[-1']^(1) amplitudes      6.27 sec, wall time      1.80 sec

Computing T[+1]^(1) amplitudes...
Norm of T[+1]^(1):                                 0.136142948781
Correlation energy [+1]:                          -0.078343457603
> CPU time for computing T[+1]^(1) amplitudes      0.20 sec, wall time      0.08 sec

Computing T[-1]^(1) amplitudes...
Norm of T[-1]^(1):                                 0.050698460393
Correlation energy [-1]:                          -0.006575310626
> CPU time for computing T[-1]^(1) amplitudes      0.23 sec, wall time      0.03 sec

Computing T[+2]^(1) amplitudes...
Dimension of the [+2] orthonormalized subspace:    36
Smallest eigenvalue of the [+2] overlap metric:    2.298189e-07
Norm of T[+2]^(1):                                 0.724982449798
Correlation energy [+2]:                          -0.011883520858
> CPU time for computing T[+2]^(1) amplitudes      0.70 sec, wall time      0.20 sec

Computing T[-2]^(1) amplitudes...
Dimension of the [-2] orthonormalized subspace:    36
Smallest eigenvalue of the [-2] overlap metric:    2.233025e-06
Norm of T[-2]^(1):                                 0.130945519300
Correlation energy [-2]:                          -0.000632881856
> CPU time for computing T[-2]^(1) amplitudes      0.52 sec, wall time      0.18 sec
Correlation energy [0]:                           -0.215518212921
SA-CASSCF reference state total energy:         -445.771233874947
NEVPT2 correlation energy:                        -0.410588632727
Total NEVPT2 energy:                            -446.181822507674

Computing energy of state #3...
Reference state active-space energy:              -7.040780249036
Reference state spin multiplicity:                 1
Number of active electrons:                        [(3, 3)]
Computing reference wavefunction RDMs...
> CPU time for transforming RDMs      1.43 sec, wall time      0.41 sec

Computing T[0']^(1) amplitudes...
Dimension of the [0'] orthonormalized subspace:    71
Smallest eigenvalue of the [0'] overlap metric:    1.919687e-06
Norm of T[0']^(1):                                 0.325158280406
Correlation energy [0']:                          -0.065897137763
> CPU time for computing T[0']^(1) amplitudes      0.56 sec, wall time      0.18 sec

Computing T[+1']^(1) amplitudes...
Dimension of the [+1'] orthonormalized subspace:   259
Smallest eigenvalue of the [+1'] overlap metric:   1.041952e-08
Norm of T[+1']^(1):                               68.466777124198
Correlation energy [+1']:                         -0.030240594054
> CPU time for computing T[+1']^(1) amplitudes      9.57 sec, wall time      2.72 sec

Computing T[-1']^(1) amplitudes...
Dimension of the [-1'] orthonormalized subspace:   259
Smallest eigenvalue of the [-1'] overlap metric:   1.122207e-08
Norm of T[-1']^(1):                                1.930160976000
Correlation energy [-1']:                         -0.001998135906
> CPU time for computing T[-1']^(1) amplitudes      7.05 sec, wall time      2.07 sec

Computing T[+1]^(1) amplitudes...
Norm of T[+1]^(1):                                 0.135121107500
Correlation energy [+1]:                          -0.079179294841
> CPU time for computing T[+1]^(1) amplitudes      0.29 sec, wall time      0.04 sec

Computing T[-1]^(1) amplitudes...
Norm of T[-1]^(1):                                 0.050531809785
Correlation energy [-1]:                          -0.006573288507
> CPU time for computing T[-1]^(1) amplitudes      0.32 sec, wall time      0.10 sec

Computing T[+2]^(1) amplitudes...
Dimension of the [+2] orthonormalized subspace:    36
Smallest eigenvalue of the [+2] overlap metric:    1.526990e-07
Norm of T[+2]^(1):                                 0.998764732896
Correlation energy [+2]:                          -0.012054684598
> CPU time for computing T[+2]^(1) amplitudes      0.70 sec, wall time      0.20 sec

Computing T[-2]^(1) amplitudes...
Dimension of the [-2] orthonormalized subspace:    36
Smallest eigenvalue of the [-2] overlap metric:    1.664044e-06
Norm of T[-2]^(1):                                 0.127400946075
Correlation energy [-2]:                          -0.000606064628
> CPU time for computing T[-2]^(1) amplitudes      0.42 sec, wall time      0.10 sec
Correlation energy [0]:                           -0.215518212921
SA-CASSCF reference state total energy:         -445.759729126517
NEVPT2 correlation energy:                        -0.412067413217
Total NEVPT2 energy:                            -446.171796539734

Computing energy of state #4...
Reference state active-space energy:              -7.027189092298
Reference state spin multiplicity:                 3
Number of active electrons:                        [(3, 3)]
Computing reference wavefunction RDMs...
> CPU time for transforming RDMs      1.58 sec, wall time      0.46 sec

Computing T[0']^(1) amplitudes...
Dimension of the [0'] orthonormalized subspace:    72
Smallest eigenvalue of the [0'] overlap metric:    1.314650e-06
Norm of T[0']^(1):                                 0.312282487075
Correlation energy [0']:                          -0.058386310712
> CPU time for computing T[0']^(1) amplitudes      0.73 sec, wall time      0.20 sec

Computing T[+1']^(1) amplitudes...
Dimension of the [+1'] orthonormalized subspace:   277
Smallest eigenvalue of the [+1'] overlap metric:   1.067638e-08
Norm of T[+1']^(1):                              107.667131153122
Correlation energy [+1']:                         -0.031530846850
> CPU time for computing T[+1']^(1) amplitudes     12.22 sec, wall time      3.24 sec

Computing T[-1']^(1) amplitudes...
Dimension of the [-1'] orthonormalized subspace:   272
Smallest eigenvalue of the [-1'] overlap metric:   1.060000e-08
Norm of T[-1']^(1):                                3.287266499713
Correlation energy [-1']:                         -0.001305064055
> CPU time for computing T[-1']^(1) amplitudes      6.41 sec, wall time      1.91 sec

Computing T[+1]^(1) amplitudes...
Norm of T[+1]^(1):                                 0.147147284076
Correlation energy [+1]:                          -0.082355879987
> CPU time for computing T[+1]^(1) amplitudes      0.33 sec, wall time      0.10 sec

Computing T[-1]^(1) amplitudes...
Norm of T[-1]^(1):                                 0.052564218099
Correlation energy [-1]:                          -0.010330906342
> CPU time for computing T[-1]^(1) amplitudes      0.65 sec, wall time      0.19 sec

Computing T[+2]^(1) amplitudes...
Dimension of the [+2] orthonormalized subspace:    36
Smallest eigenvalue of the [+2] overlap metric:    3.588751e-08
Norm of T[+2]^(1):                                 2.817085974365
Correlation energy [+2]:                          -0.013071050305
> CPU time for computing T[+2]^(1) amplitudes      0.88 sec, wall time      0.28 sec

Computing T[-2]^(1) amplitudes...
Dimension of the [-2] orthonormalized subspace:    36
Smallest eigenvalue of the [-2] overlap metric:    9.716269e-08
Norm of T[-2]^(1):                                 1.167171384077
Correlation energy [-2]:                          -0.001093068737
> CPU time for computing T[-2]^(1) amplitudes      0.49 sec, wall time      0.12 sec
Correlation energy [0]:                           -0.215518212921
SA-CASSCF reference state total energy:         -445.746137969779
NEVPT2 correlation energy:                        -0.413591339909
Total NEVPT2 energy:                            -446.159729309688

Computing energy of state #5...
Reference state active-space energy:              -6.987184720422
Reference state spin multiplicity:                 3
Number of active electrons:                        [(3, 3)]
Computing reference wavefunction RDMs...
> CPU time for transforming RDMs      2.28 sec, wall time      0.68 sec

Computing T[0']^(1) amplitudes...
Dimension of the [0'] orthonormalized subspace:    72
Smallest eigenvalue of the [0'] overlap metric:    2.291044e-06
Norm of T[0']^(1):                                 0.424816598950
Correlation energy [0']:                          -0.054775091070
> CPU time for computing T[0']^(1) amplitudes      1.36 sec, wall time      0.40 sec

Computing T[+1']^(1) amplitudes...
Dimension of the [+1'] orthonormalized subspace:   278
Smallest eigenvalue of the [+1'] overlap metric:   1.060715e-08
Norm of T[+1']^(1):                               78.088914676500
Correlation energy [+1']:                         -0.028245116451
> CPU time for computing T[+1']^(1) amplitudes     10.21 sec, wall time      3.02 sec

Computing T[-1']^(1) amplitudes...
Dimension of the [-1'] orthonormalized subspace:   275
Smallest eigenvalue of the [-1'] overlap metric:   1.249131e-08
Norm of T[-1']^(1):                                2.457429168991
Correlation energy [-1']:                         -0.006712258724
> CPU time for computing T[-1']^(1) amplitudes      7.18 sec, wall time      2.10 sec

Computing T[+1]^(1) amplitudes...
Norm of T[+1]^(1):                                 0.140965046295
Correlation energy [+1]:                          -0.085299283914
> CPU time for computing T[+1]^(1) amplitudes      0.33 sec, wall time      0.10 sec

Computing T[-1]^(1) amplitudes...
Norm of T[-1]^(1):                                 0.052004248348
Correlation energy [-1]:                          -0.010767864955
> CPU time for computing T[-1]^(1) amplitudes      0.43 sec, wall time      0.17 sec

Computing T[+2]^(1) amplitudes...
Dimension of the [+2] orthonormalized subspace:    36
Smallest eigenvalue of the [+2] overlap metric:    2.612880e-07
Norm of T[+2]^(1):                                 1.741993439445
Correlation energy [+2]:                          -0.013579402289
> CPU time for computing T[+2]^(1) amplitudes      0.71 sec, wall time      0.20 sec

Computing T[-2]^(1) amplitudes...
Dimension of the [-2] orthonormalized subspace:    36
Smallest eigenvalue of the [-2] overlap metric:    4.673574e-08
Norm of T[-2]^(1):                                 0.569662813271
Correlation energy [-2]:                          -0.001109952904
> CPU time for computing T[-2]^(1) amplitudes      0.40 sec, wall time      0.11 sec
Correlation energy [0]:                           -0.215518212921
SA-CASSCF reference state total energy:         -445.706133597902
NEVPT2 correlation energy:                        -0.416007183229
Total NEVPT2 energy:                            -446.122140781132

Computing energy of state #6...
Reference state active-space energy:              -6.904005114005
Reference state spin multiplicity:                 3
Number of active electrons:                        [(3, 3)]
Computing reference wavefunction RDMs...
> CPU time for transforming RDMs      1.55 sec, wall time      0.42 sec

Computing T[0']^(1) amplitudes...
Dimension of the [0'] orthonormalized subspace:    72
Smallest eigenvalue of the [0'] overlap metric:    2.169308e-05
Norm of T[0']^(1):                                 0.356485957205
Correlation energy [0']:                          -0.071259868576
> CPU time for computing T[0']^(1) amplitudes      1.38 sec, wall time      0.47 sec

Computing T[+1']^(1) amplitudes...
Dimension of the [+1'] orthonormalized subspace:   290
Smallest eigenvalue of the [+1'] overlap metric:   1.304867e-08
Norm of T[+1']^(1):                              104.058128378636
Correlation energy [+1']:                         -0.059763520556
> CPU time for computing T[+1']^(1) amplitudes      9.74 sec, wall time      2.71 sec

Computing T[-1']^(1) amplitudes...
Dimension of the [-1'] orthonormalized subspace:   292
Smallest eigenvalue of the [-1'] overlap metric:   1.173344e-08
Norm of T[-1']^(1):                                2.978174503578
Correlation energy [-1']:                         -0.007085876356
> CPU time for computing T[-1']^(1) amplitudes     15.18 sec, wall time      4.29 sec

Computing T[+1]^(1) amplitudes...
Norm of T[+1]^(1):                                 0.149911598004
Correlation energy [+1]:                          -0.088756793835
> CPU time for computing T[+1]^(1) amplitudes      0.25 sec, wall time      0.03 sec

Computing T[-1]^(1) amplitudes...
Norm of T[-1]^(1):                                 0.054592266013
Correlation energy [-1]:                          -0.010951852499
> CPU time for computing T[-1]^(1) amplitudes      0.39 sec, wall time      0.17 sec

Computing T[+2]^(1) amplitudes...
Dimension of the [+2] orthonormalized subspace:    36
Smallest eigenvalue of the [+2] overlap metric:    4.483770e-07
Norm of T[+2]^(1):                                 1.974984990208
Correlation energy [+2]:                          -0.018867890372
> CPU time for computing T[+2]^(1) amplitudes      1.15 sec, wall time      0.32 sec

Computing T[-2]^(1) amplitudes...
Dimension of the [-2] orthonormalized subspace:    36
Smallest eigenvalue of the [-2] overlap metric:    1.816208e-06
Norm of T[-2]^(1):                                 0.221113768881
Correlation energy [-2]:                          -0.001406465473
> CPU time for computing T[-2]^(1) amplitudes      0.48 sec, wall time      0.18 sec
Correlation energy [0]:                           -0.215518212921
SA-CASSCF reference state total energy:         -445.622953991485
NEVPT2 correlation energy:                        -0.473610480587
Total NEVPT2 energy:                            -446.096564472073

Computing the QD-NEVPT2 effective Hamiltonian...

Summary of results for the QD-NEVPT2 calculation with the SA-CASSCF reference:
------------------------------------------------------------------------------------------------------------------
  State    Degen.        E(total)            dE(a.u.)        dE(eV)      dE(nm)       dE(cm-1)      Osc Str.  
------------------------------------------------------------------------------------------------------------------
    1        1         -446.331074860330     0.00000000       0.0000                      0.0000               
    2        3         -446.181869416265     0.14920544       4.0601     305.3733     32746.8098     0.00000000
    3        1         -446.171795826271     0.15927903       4.3342     286.0600     34957.7073     0.00032896
    4        3         -446.164710501471     0.16636436       4.5270     273.8769     36512.7563     0.00000000
    5        3         -446.124000142296     0.20707472       5.6348     220.0334     45447.6474     0.00000000
    6        3         -446.089677009960     0.24139785       6.5688     188.7480     52980.7042     0.00000000
----------------------------------------------------------------------------------------------------------------


Oscillator Strengths: state i -> state f
------------------------------------------------------------------------------------------------------------------------------------
1 -> 2: 0.00000000    2 -> 3: 0.00000000    3 -> 4: 0.00000000    4 -> 5: 0.00506809    5 -> 6: 0.00799385                      
1 -> 3: 0.00032896    2 -> 4: 0.00001043    3 -> 5: 0.00000000    4 -> 6: 0.01191905                                            
1 -> 4: 0.00000000    2 -> 5: 0.00009887    3 -> 6: 0.00000000                                                                  
1 -> 5: 0.00000000    2 -> 6: 0.00085292                                                                                        
1 -> 6: 0.00000000                                                                                                              
------------------------------------------------------------------------------------------------------------------------------------
> CPU time for total NEVPT2 calculation    237.01 sec, wall time     67.92 sec
